{
  "RSpec": {
    "coverage": {
      "/Users/akz/Dropbox/dev/rails/estudeantes/app/models/user.rb": [
        1,
        null,
        null,
        1,
        1,
        1,
        null,
        null,
        1,
        1,
        null,
        1,
        4,
        null,
        null,
        null,
        1,
        6,
        2,
        null,
        4,
        4,
        4,
        4,
        null,
        null,
        6,
        6,
        6,
        null,
        6,
        null,
        null
      ],
      "/Users/akz/Dropbox/dev/rails/estudeantes/app/controllers/application_controller.rb": [
        1,
        null,
        null,
        1,
        1,
        null,
        1,
        1,
        10,
        10,
        null,
        0,
        null,
        null,
        null,
        1,
        20,
        null,
        null,
        1,
        20,
        null,
        null
      ],
      "/Users/akz/Dropbox/dev/rails/estudeantes/app/controllers/events_controller.rb": [
        1,
        1,
        1,
        1,
        1,
        0,
        0,
        null,
        null,
        null,
        null,
        1,
        0,
        0,
        null,
        0,
        0,
        null,
        null,
        null,
        null,
        1,
        0,
        0,
        0,
        0,
        null,
        null,
        null,
        null,
        1,
        0,
        0,
        null,
        null,
        1,
        null,
        1,
        0,
        0,
        0,
        null,
        null,
        null,
        1,
        0,
        null,
        null
      ],
      "/Users/akz/Dropbox/dev/rails/estudeantes/app/controllers/periods_controller.rb": [
        1,
        1,
        1,
        1,
        1,
        1,
        1,
        null,
        null,
        null,
        1,
        0,
        0,
        0,
        null,
        null,
        null,
        null,
        1,
        0,
        0,
        null,
        null,
        null,
        null,
        1,
        5,
        5,
        5,
        4,
        null,
        1,
        null,
        5,
        10,
        null,
        null,
        null,
        null,
        null,
        1,
        3,
        null,
        3,
        3,
        null,
        null,
        null,
        null,
        1,
        2,
        2,
        null,
        null,
        1,
        null,
        1,
        5,
        null,
        null,
        1,
        5,
        null,
        null,
        1,
        0,
        0,
        0,
        0,
        null,
        null,
        null,
        null,
        1,
        0,
        0,
        0,
        0,
        0,
        null,
        null,
        null,
        null,
        null,
        1,
        8,
        null,
        null
      ],
      "/Users/akz/Dropbox/dev/rails/estudeantes/app/controllers/sessions_controller.rb": [
        1,
        null,
        1,
        0,
        0,
        0,
        null,
        null
      ],
      "/Users/akz/Dropbox/dev/rails/estudeantes/app/controllers/subjects_controller.rb": [
        1,
        1,
        1,
        1,
        1,
        12,
        null,
        null,
        null,
        null,
        1,
        5,
        null,
        5,
        4,
        null,
        1,
        null,
        5,
        null,
        null,
        null,
        null,
        1,
        5,
        4,
        null,
        1,
        null,
        5,
        null,
        null,
        null,
        null,
        1,
        2,
        2,
        null,
        null,
        1,
        null,
        1,
        7,
        null,
        null,
        null,
        1,
        10,
        null,
        null
      ],
      "/Users/akz/Dropbox/dev/rails/estudeantes/app/controllers/tests_controller.rb": [
        1,
        1,
        1,
        1,
        1,
        8,
        8,
        null,
        null,
        null,
        null,
        1,
        3,
        3,
        null,
        3,
        3,
        null,
        0,
        null,
        null,
        3,
        null,
        null,
        null,
        null,
        1,
        3,
        3,
        3,
        null,
        null,
        null,
        null,
        1,
        2,
        null,
        2,
        2,
        null,
        null,
        1,
        null,
        1,
        5,
        5,
        null,
        null,
        1,
        8,
        0,
        null,
        8,
        null,
        null,
        null,
        1,
        0,
        0,
        null,
        0,
        null,
        null,
        null,
        1,
        8,
        null,
        3,
        3,
        null,
        3,
        3,
        3,
        null,
        null,
        2,
        2,
        null,
        3,
        3,
        null,
        8,
        null,
        null,
        null,
        null,
        1,
        6,
        null,
        null
      ],
      "/Users/akz/Dropbox/dev/rails/estudeantes/app/controllers/user/omniauth_callbacks_controller.rb": [
        1,
        null,
        1,
        null,
        3,
        null,
        3,
        3,
        3,
        null,
        null,
        null,
        null,
        null,
        null
      ],
      "/Users/akz/Dropbox/dev/rails/estudeantes/app/models/event.rb": [
        1,
        1,
        1,
        1,
        1,
        1,
        1,
        1,
        null,
        null,
        null,
        null,
        1,
        10,
        10,
        null,
        1,
        null,
        7,
        null,
        1,
        null,
        1,
        null,
        9,
        null,
        null,
        null,
        null,
        null,
        1,
        5,
        5,
        14,
        null,
        null,
        5,
        null,
        null,
        1,
        2,
        2,
        2,
        2,
        2,
        null,
        null,
        1,
        1,
        29,
        null,
        null
      ],
      "/Users/akz/Dropbox/dev/rails/estudeantes/app/models/period.rb": [
        null,
        1,
        1,
        1,
        1,
        1,
        1,
        1,
        1,
        1,
        1,
        null,
        null,
        null,
        null,
        1,
        2,
        2,
        1,
        1,
        null,
        2,
        null,
        null,
        null,
        null,
        null,
        null,
        null,
        null,
        null,
        1,
        1,
        null,
        1,
        1,
        1,
        3,
        null,
        null,
        null,
        1,
        null,
        null,
        null,
        null,
        null,
        1,
        9,
        9,
        null,
        0,
        null,
        9,
        null,
        null,
        1,
        1,
        72,
        null,
        null,
        null,
        null,
        null,
        1,
        42,
        null,
        null
      ],
      "/Users/akz/Dropbox/dev/rails/estudeantes/app/models/subject.rb": [
        1,
        1,
        1,
        1,
        1,
        1,
        1,
        null,
        1,
        1,
        null,
        null,
        1,
        1,
        null,
        null,
        1,
        1,
        56,
        56,
        null,
        null
      ],
      "/Users/akz/Dropbox/dev/rails/estudeantes/app/models/test.rb": [
        1,
        1,
        1,
        1,
        1,
        1,
        null,
        1,
        1,
        32,
        32,
        32,
        null,
        null
      ]
    },
    "timestamp": 1439738957
  }
}
